<?xml version="1.0" encoding="UTF-8"?>
<!-- Generated by org.testng.reporters.JUnitReportReporter -->
<testsuite hostname="D-113202868" failures="0" tests="1" name="com.wipro.telestra_assignment.FlipkartTest" time="47.400" errors="0" timestamp="05 Mar 2020 06:58:23 GMT" skipped="0">
  <testcase classname="com.wipro.telestra_assignment.FlipkartTest" name="loginSearchPurchaseTest" time="47.400"/>
</testsuite> <!-- com.wipro.telestra_assignment.FlipkartTest -->
