<?xml version="1.0" encoding="UTF-8"?>
<!-- Generated by org.testng.reporters.JUnitReportReporter -->
<testsuite hostname="D-113202868" failures="0" tests="1" name="com.wipro.telestra_assignment.LoginPageTest" time="39.152" errors="0" timestamp="03 Mar 2020 08:41:02 GMT" skipped="0">
  <testcase classname="com.wipro.telestra_assignment.LoginPageTest" name="loginTest" time="39.152"/>
</testsuite> <!-- com.wipro.telestra_assignment.LoginPageTest -->
