<?xml version="1.0" encoding="UTF-8"?>
<!-- Generated by org.testng.reporters.JUnitReportReporter -->
<testsuite hostname="D-113202868" failures="0" tests="2" name="com.wipro.telestra_assignment.FlipkartTest" time="64.403" errors="0" timestamp="06 Mar 2020 11:26:55 GMT" skipped="0">
  <testcase classname="com.wipro.telestra_assignment.FlipkartTest" name="verifySignUpLinkTest" time="18.576"/>
  <testcase classname="com.wipro.telestra_assignment.FlipkartTest" name="loginSearchPurchaseTest" time="45.827"/>
</testsuite> <!-- com.wipro.telestra_assignment.FlipkartTest -->
